** Message: environement.vala:58: Exporting primary_variable
** Message: environement.vala:59: desktop_environnement XDG_CURRENT_DESKTOP
** Message: environement.vala:149: confir_dirs is null, export : /etc/xdg
** Message: environement.vala:183: Exporting XDG_CONFIG_DIRS
** Message: environement.vala:217: custom_data :
** Message: environement.vala:218: data_dirs :/usr/local/share:/usr/share/raspi-ui-overrides:/usr/share:/usr/share/gdm:/var/lib/menu-xdg
** Message: environement.vala:219: data_dirs not null, export : /usr/local/share:/usr/share/raspi-ui-overrides:/usr/share:/usr/share/gdm:/var/lib/menu-xdg
** Message: environement.vala:224: Exporting XDG_DATA_DIRS
** Message: utils.vala:68: User config used : /home/pi/.config/lxsession/LXDE-pi/desktop.conf
** Message: utils.vala:89: Final file used : /home/pi/.config/lxsession/LXDE-pi/desktop.conf
** Message: settings.vala:527: キー・ファイルにキー 'iGtk/ColorScheme' がありません
** Message: settings.vala:527: キー・ファイルにキー 'windows_manager/command' がありません
** Message: settings.vala:527: キー・ファイルにキー 'panel/command' がありません
** Message: settings.vala:527: キー・ファイルにキー 'dock/command' がありません
** Message: settings.vala:527: キー・ファイルにキー 'file_manager/command' がありません
** Message: settings.vala:527: キー・ファイルにキー 'desktop_manager/command' がありません
** Message: settings.vala:527: キー・ファイルにキー 'launcher_manager/autostart' がありません
** Message: settings.vala:527: キー・ファイルにキー 'composite_manager/command' がありません
** Message: settings.vala:527: キー・ファイルにキー 'im1/command' がありません
** Message: settings.vala:527: キー・ファイルにキー 'im2/command' がありません
** Message: settings.vala:527: キー・ファイルにキー 'widget1/command' がありません
** Message: settings.vala:527: キー・ファイルにキー 'notification/command' がありません
** Message: settings.vala:527: キー・ファイルにキー 'keybindings/command' がありません
** Message: settings.vala:527: キー・ファイルにキー 'screensaver/command' がありません
** Message: settings.vala:527: キー・ファイルにキー 'power_manager/command' がありません
** Message: settings.vala:527: キー・ファイルにキー 'audio_manager/command' がありません
** Message: settings.vala:527: キー・ファイルにキー 'workspace_manager/command' がありません
** Message: settings.vala:527: キー・ファイルにキー 'screenshot_manager/command' がありません
** Message: settings.vala:527: キー・ファイルにキー 'message_manager/command' がありません
** Message: settings.vala:527: キー・ファイルにキー 'upgrade_manager/command' がありません
** Message: settings.vala:527: キー・ファイルにキー 'upstart_user_session' がありません
** Message: settings.vala:527: キー・ファイルにキー 'proxy_manager/http' がありません
** Message: settings.vala:527: キー・ファイルにキー 'a11y/command' がありません
** Message: settings.vala:527: キー・ファイルにキー 'xrandr/command' がありません
** Message: settings.vala:527: キー・ファイルにキー 'network_gui/command' がありません
** Message: settings.vala:527: キー・ファイルにキー 'webbrowser/command' がありません
** Message: settings.vala:527: キー・ファイルにキー 'email/command' がありません
** Message: settings.vala:527: キー・ファイルにキー 'pdf_reader/command' がありません
** Message: settings.vala:527: キー・ファイルにキー 'video_player/command' がありません
** Message: settings.vala:527: キー・ファイルにキー 'audio_player/command' がありません
** Message: settings.vala:527: キー・ファイルにキー 'images_display/command' がありません
** Message: settings.vala:527: キー・ファイルにキー 'text_editor/command' がありません
** Message: settings.vala:527: キー・ファイルにキー 'archive/command' がありません
** Message: settings.vala:527: キー・ファイルにキー 'charmap/command' がありません
** Message: settings.vala:527: キー・ファイルにキー 'calculator/command' がありません
** Message: settings.vala:527: キー・ファイルにキー 'spreadsheet/command' がありません
** Message: settings.vala:527: キー・ファイルにキー 'bittorent/command' がありません
** Message: settings.vala:527: キー・ファイルにキー 'document/command' がありません
** Message: settings.vala:527: キー・ファイルにキー 'webcam/command' がありません
** Message: settings.vala:527: キー・ファイルにキー 'burn/command' がありません
** Message: settings.vala:527: キー・ファイルにキー 'notes/command' がありません
** Message: settings.vala:527: キー・ファイルにキー 'disk_utility/command' がありません
** Message: settings.vala:527: キー・ファイルにキー 'tasks/command' がありません
** Message: settings.vala:527: キー・ファイルにキー 'model' がありません
** Message: settings.vala:527: キー・ファイルにキー 'laptop_mode' がありません
** Message: settings.vala:527: キー・ファイルにキー 'gnome' がありません
** Message: settings.vala:527: キー・ファイルにグループ 'Updates' がありません
** Message: settings.vala:527: キー・ファイルにキー 'type' がありません
** Message: settings.vala:449: Monitoring: /home/pi/.config/lxsession/LXDE-pi/desktop.conf
** Message: settings.vala:453: Desktop file is already in config home, do nothing
** Message: environement.vala:79: Exporting variable
** Message: environement.vala:80: desktop_environnement XDG_CURRENT_DESKTOP
** Message: environement.vala:176: custom_config :
** Message: environement.vala:177: config_dirs :/etc/xdg
** Message: environement.vala:178: confir_dirs not null, export : /etc/xdg
** Message: environement.vala:183: Exporting XDG_CONFIG_DIRS
** Message: environement.vala:217: custom_data :
** Message: environement.vala:218: data_dirs :/usr/local/share:/usr/share/raspi-ui-overrides:/usr/share:/usr/share/gdm:/var/lib/menu-xdg
** Message: environement.vala:219: data_dirs not null, export : /usr/local/share:/usr/share/raspi-ui-overrides:/usr/share:/usr/share/gdm:/var/lib/menu-xdg
** Message: environement.vala:224: Exporting XDG_DATA_DIRS
** Message: utils.vala:79: Config system location : /etc/xdg/lxsession/LXDE-pi
** Message: utils.vala:85: System system path location : /etc/xdg/lxsession/LXDE-pi/conffiles.conf
** Message: utils.vala:89: Final file used : /etc/xdg/lxsession/LXDE-pi/conffiles.conf
** Message: options.vala:164: Activate xsettings_manager build-in
** Message: utils.vala:68: User config used : /home/pi/.config/lxsession/LXDE-pi/desktop.conf
** Message: utils.vala:89: Final file used : /home/pi/.config/lxsession/LXDE-pi/desktop.conf
xprop:  no such property "_NET_NUMBER_OF_DESKTOPS"
xprop:  no such property "_NET_DESKTOP_NAMES"
** Message: app.vala:717: polkit separate
** Message: app.vala:717: polkit separate
** Message: app.vala:76: Launching lxpolkit 
** Message: utils.vala:68: User config used : /home/pi/.config/lxsession/LXDE-pi/autostart
** Message: utils.vala:89: Final file used : /home/pi/.config/lxsession/LXDE-pi/autostart
** Message: autostart.vala:42: Autostart path : /home/pi/.config/lxsession/LXDE-pi/autostart
** Message: app.vala:76: Launching lxpanel 
** Message: app.vala:76: Launching pcmanfm 

** (lxsession:711): WARNING **: app.vala:86: xscreensaver を子プロセスとして起動できませんでした: そのようなファイルやディレクトリはありません

** (lxsession:711): WARNING **: app.vala:87: Error when launching xscreensaver
** Message: app.vala:76: Launching point-rpi 
** Message: options.vala:107: Create build-in Clipboard
** Message: main.vala:429: Check keymap_mode user
** Message: main.vala:432: Create Option Keymap
** Message: options.vala:80: Show keymap variant : 
** Message: options.vala:87: Show keymap options : 
** Message: options.vala:93: Keymap options - return user command setxkbmap -layout jp -variant  -options  
** Message: options.vala:44: Options - Launch command setxkbmap -layout jp -variant  -options  
Error!   Option "-options" not recognized
** Message: app.vala:76: Launching /usr/bin/ssh-agent 
SSH_AUTH_SOCK=/tmp/ssh-WztcUH08mcXA/agent.967; export SSH_AUTH_SOCK;
SSH_AGENT_PID=973; export SSH_AGENT_PID;
echo Agent pid 973;
** Message: app.vala:130: point-rpi exit with this type of exit: 0
** Message: app.vala:139: Exit normal, don't reload
** Message: app.vala:130: /usr/bin/ssh-agent exit with this type of exit: 0
lxkeymap found
Openbox-Message: 正当なメニューファイル"/usr/share/lxde/openbox/menu.xml"を見つけることができません。
** Message: x-terminal-emulator has very limited support, consider choose another terminal
** Message: x-terminal-emulator has very limited support, consider choose another terminal
/usr/lib/python2.7/dist-packages/lxkeymap/helpers.py:46: GtkWarning: Unknown property: GtkMenu.ubuntu-local
  builder.add_from_file(ui_filename)
/usr/lib/python2.7/dist-packages/lxkeymap/helpers.py:46: GtkWarning: GtkAlignment does not have a property called expand
  builder.add_from_file(ui_filename)
/usr/lib/python2.7/dist-packages/lxkeymap/helpers.py:46: GtkWarning: GtkAlignment does not have a property called fill
  builder.add_from_file(ui_filename)
/usr/lib/python2.7/dist-packages/lxkeymap/helpers.py:46: GtkWarning: GtkAlignment does not have a property called position
  builder.add_from_file(ui_filename)
** Message: Connecting ...
** Message: Status changed to down
** Message: Status changed to opened
** Message: Connected to dhcpcd-6.7.1
** Message: Status changed to connected
** Message: wlan0: Associated with mPhone
** Message: wlan0: Configured 172.20.10.7/28
** Message: eth0: Link is down
** Message: wlan0: WPA status connected
** Message: wlan0: Received scan results
Sections: ['Global']
Layouts: ['jp']
Variants: ['']
Options: []
['Global']
Lxkeymap autostart running...
** Message: bt: Name org.bluez owned on DBus
** Message: bt: New agent manager found
** Message: bt: New adapter found
** Message: va: Name org.bluez owned on DBus
** Message: va: Stopping PulseAudio

(openbox:953): GLib-CRITICAL **: Source ID 4 was not found when attempting to remove it
** Message: wlan0: Received scan results
** Message: wlan0: Received scan results
** Message: wlan0: Received scan results
** Message: wlan0: Received scan results
** Message: wlan0: Received scan results
** Message: wlan0: Received scan results
** Message: wlan0: Received scan results
** Message: wlan0: Received scan results
** Message: wlan0: Received scan results
** Message: wlan0: Received scan results
** Message: wlan0: Received scan results
** Message: wlan0: Received scan results
** Message: wlan0: Received scan results
** Message: wlan0: Received scan results
** Message: wlan0: Received scan results
** Message: wlan0: Received scan results
** Message: wlan0: Received scan results
** Message: wlan0: Received scan results
** Message: wlan0: Received scan results
** Message: wlan0: Received scan results
** Message: wlan0: Received scan results
** Message: wlan0: Received scan results
** Message: wlan0: Received scan results
** Message: wlan0: Received scan results
** Message: wlan0: Received scan results
** Message: wlan0: Received scan results
** Message: wlan0: Received scan results
** Message: wlan0: Received scan results
** Message: wlan0: Received scan results
** Message: wlan0: Received scan results
** Message: wlan0: Received scan results
** Message: wlan0: Received scan results
** Message: wlan0: Received scan results
** Message: wlan0: Received scan results
** Message: wlan0: Received scan results
** Message: wlan0: Received scan results
** Message: wlan0: Received scan results
** Message: wlan0: Received scan results
** Message: wlan0: Received scan results
** Message: wlan0: Received scan results
** Message: wlan0: Received scan results
** Message: wlan0: Received scan results
** Message: wlan0: Received scan results
** Message: wlan0: Received scan results
** Message: wlan0: Received scan results
** Message: wlan0: Received scan results
** Message: wlan0: Received scan results
** Message: wlan0: Received scan results
** Message: wlan0: Received scan results
** Message: wlan0: Received scan results
** Message: wlan0: Received scan results
** Message: wlan0: Received scan results
** Message: wlan0: Received scan results
** Message: wlan0: Received scan results
** Message: wlan0: Received scan results
** Message: wlan0: Received scan results
** Message: wlan0: Received scan results
** Message: wlan0: Received scan results
** Message: wlan0: Received scan results
** Message: wlan0: Received scan results
** Message: wlan0: Received scan results
** Message: wlan0: Received scan results
** Message: wlan0: Received scan results
** Message: wlan0: Received scan results
** Message: wlan0: Received scan results
** Message: wlan0: Received scan results
